<?xml version="1.0" encoding="UTF-8"?>
<!-- Generated by org.testng.reporters.JUnitReportReporter -->
<testsuite skipped="1" hostname="DESKTOP-075JNEE" name="com.nopcommerce.testsuite.ComputerTest" tests="3" failures="0" timestamp="2022-12-14T00:00:50 GMT" time="104.052" errors="2">
  <testcase name="verifyProductAddedToShoppingCartSuccessFully" time="82.676" classname="com.nopcommerce.testsuite.ComputerTest">
    <error type="org.openqa.selenium.NoSuchElementException" message="no such element: Unable to locate element: {&quot;method&quot;:&quot;xpath&quot;,&quot;selector&quot;:&quot;//span[contains(text(),&#039;Credit Card&#039;)]&quot;}
  (Session info: chrome=108.0.5359.99)
For documentation on this error, please visit: https://selenium.dev/exceptions/#no_such_element
Build info: version: &#039;4.6.0&#039;, revision: &#039;79f1c02ae20&#039;
System info: os.name: &#039;Windows 10&#039;, os.arch: &#039;amd64&#039;, os.version: &#039;10.0&#039;, java.version: &#039;1.8.0_121&#039;
Driver info: org.openqa.selenium.chrome.ChromeDriver
Command: [07a036c711107cdbb6f82a317d132ad5, findElement {using=xpath, value=//span[contains(text(),&#039;Credit Card&#039;)]}]
Capabilities {acceptInsecureCerts: false, browserName: chrome, browserVersion: 108.0.5359.99, chrome: {chromedriverVersion: 108.0.5359.71 (1e0e3868ee06..., userDataDir: C:\Users\iruch\AppData\Loca...}, goog:chromeOptions: {debuggerAddress: localhost:62899}, networkConnectionEnabled: false, pageLoadStrategy: normal, platformName: WINDOWS, proxy: Proxy(), se:cdp: ws://localhost:62899/devtoo..., se:cdpVersion: 108.0.5359.99, setWindowRect: true, strictFileInteractability: false, timeouts: {implicit: 0, pageLoad: 300000, script: 30000}, unhandledPromptBehavior: dismiss and notify, webauthn:extension:credBlob: true, webauthn:extension:largeBlob: true, webauthn:virtualAuthenticators: true}
Session ID: 07a036c711107cdbb6f82a317d132ad5">
      <![CDATA[org.openqa.selenium.NoSuchElementException: no such element: Unable to locate element: {"method":"xpath","selector":"//span[contains(text(),'Credit Card')]"}
  (Session info: chrome=108.0.5359.99)
For documentation on this error, please visit: https://selenium.dev/exceptions/#no_such_element
Build info: version: '4.6.0', revision: '79f1c02ae20'
System info: os.name: 'Windows 10', os.arch: 'amd64', os.version: '10.0', java.version: '1.8.0_121'
Driver info: org.openqa.selenium.chrome.ChromeDriver
Command: [07a036c711107cdbb6f82a317d132ad5, findElement {using=xpath, value=//span[contains(text(),'Credit Card')]}]
Capabilities {acceptInsecureCerts: false, browserName: chrome, browserVersion: 108.0.5359.99, chrome: {chromedriverVersion: 108.0.5359.71 (1e0e3868ee06..., userDataDir: C:\Users\iruch\AppData\Loca...}, goog:chromeOptions: {debuggerAddress: localhost:62899}, networkConnectionEnabled: false, pageLoadStrategy: normal, platformName: WINDOWS, proxy: Proxy(), se:cdp: ws://localhost:62899/devtoo..., se:cdpVersion: 108.0.5359.99, setWindowRect: true, strictFileInteractability: false, timeouts: {implicit: 0, pageLoad: 300000, script: 30000}, unhandledPromptBehavior: dismiss and notify, webauthn:extension:credBlob: true, webauthn:extension:largeBlob: true, webauthn:virtualAuthenticators: true}
Session ID: 07a036c711107cdbb6f82a317d132ad5
at sun.reflect.NativeConstructorAccessorImpl.newInstance0(Native Method)
at sun.reflect.NativeConstructorAccessorImpl.newInstance(NativeConstructorAccessorImpl.java:62)
at sun.reflect.DelegatingConstructorAccessorImpl.newInstance(DelegatingConstructorAccessorImpl.java:45)
at java.lang.reflect.Constructor.newInstance(Constructor.java:423)
at org.openqa.selenium.remote.codec.w3c.W3CHttpResponseCodec.createException(W3CHttpResponseCodec.java:200)
at org.openqa.selenium.remote.codec.w3c.W3CHttpResponseCodec.decode(W3CHttpResponseCodec.java:133)
at org.openqa.selenium.remote.codec.w3c.W3CHttpResponseCodec.decode(W3CHttpResponseCodec.java:53)
at org.openqa.selenium.remote.HttpCommandExecutor.execute(HttpCommandExecutor.java:184)
at org.openqa.selenium.remote.service.DriverCommandExecutor.invokeExecute(DriverCommandExecutor.java:167)
at org.openqa.selenium.remote.service.DriverCommandExecutor.execute(DriverCommandExecutor.java:142)
at org.openqa.selenium.remote.RemoteWebDriver.execute(RemoteWebDriver.java:541)
at org.openqa.selenium.remote.ElementLocation$ElementFinder$2.findElement(ElementLocation.java:162)
at org.openqa.selenium.remote.ElementLocation.findElement(ElementLocation.java:60)
at org.openqa.selenium.remote.RemoteWebDriver.findElement(RemoteWebDriver.java:365)
at org.openqa.selenium.remote.RemoteWebDriver.findElement(RemoteWebDriver.java:357)
at org.openqa.selenium.support.pagefactory.DefaultElementLocator.findElement(DefaultElementLocator.java:70)
at org.openqa.selenium.support.pagefactory.internal.LocatingElementHandler.invoke(LocatingElementHandler.java:39)
at com.sun.proxy.$Proxy14.getText(Unknown Source)
at com.nopcommerce.utility.Utility.getTextFromElement(Utility.java:65)
at com.nopcommerce.pages.ConfirmOrderPage.VerifyCreditCardPaymentMethod(ConfirmOrderPage.java:35)
at com.nopcommerce.testsuite.ComputerTest.verifyProductAddedToShoppingCartSuccessFully(ComputerTest.java:98)
at sun.reflect.NativeMethodAccessorImpl.invoke0(Native Method)
at sun.reflect.NativeMethodAccessorImpl.invoke(NativeMethodAccessorImpl.java:62)
at sun.reflect.DelegatingMethodAccessorImpl.invoke(DelegatingMethodAccessorImpl.java:43)
at java.lang.reflect.Method.invoke(Method.java:498)
at org.testng.internal.invokers.MethodInvocationHelper.invokeMethod(MethodInvocationHelper.java:135)
at org.testng.internal.invokers.TestInvoker.invokeMethod(TestInvoker.java:673)
at org.testng.internal.invokers.TestInvoker.invokeTestMethod(TestInvoker.java:220)
at org.testng.internal.invokers.MethodRunner.runInSequence(MethodRunner.java:50)
at org.testng.internal.invokers.TestInvoker$MethodInvocationAgent.invoke(TestInvoker.java:945)
at org.testng.internal.invokers.TestInvoker.invokeTestMethods(TestInvoker.java:193)
at org.testng.internal.invokers.TestMethodWorker.invokeTestMethods(TestMethodWorker.java:146)
at org.testng.internal.invokers.TestMethodWorker.run(TestMethodWorker.java:128)
at java.util.ArrayList.forEach(ArrayList.java:1249)
at org.testng.TestRunner.privateRun(TestRunner.java:808)
at org.testng.TestRunner.run(TestRunner.java:603)
at org.testng.SuiteRunner.runTest(SuiteRunner.java:429)
at org.testng.SuiteRunner.runSequentially(SuiteRunner.java:423)
at org.testng.SuiteRunner.privateRun(SuiteRunner.java:383)
at org.testng.SuiteRunner.run(SuiteRunner.java:326)
at org.testng.SuiteRunnerWorker.runSuite(SuiteRunnerWorker.java:52)
at org.testng.SuiteRunnerWorker.run(SuiteRunnerWorker.java:95)
at org.testng.TestNG.runSuitesSequentially(TestNG.java:1249)
at org.testng.TestNG.runSuitesLocally(TestNG.java:1169)
at org.testng.TestNG.runSuites(TestNG.java:1092)
at org.testng.TestNG.run(TestNG.java:1060)
at com.intellij.rt.testng.IDEARemoteTestNG.run(IDEARemoteTestNG.java:66)
at com.intellij.rt.testng.RemoteTestNGStarter.main(RemoteTestNGStarter.java:109)
]]>
    </error>
  </testcase> <!-- verifyProductAddedToShoppingCartSuccessFully -->
  <system-out>
    <![CDATA[Click on Desktop[[ChromeDriver: chrome on WINDOWS (07a036c711107cdbb6f82a317d132ad5)] -> link text: Desktops]
Select by nameName: A to Z to name field [[ChromeDriver: chrome on WINDOWS (07a036c711107cdbb6f82a317d132ad5)] -> name: products-orderby]
Click on Element[[ChromeDriver: chrome on WINDOWS (07a036c711107cdbb6f82a317d132ad5)] -> xpath: //body/div[6]/div[3]/div[1]/div[3]/div[1]/div[2]/div[2]/div[2]/div[1]/div[1]/div[1]/div[1]/div[2]/div[3]/div[2]/button[1]]
Verify Text Build your own computer [[ChromeDriver: chrome on WINDOWS (07a036c711107cdbb6f82a317d132ad5)] -> xpath: //h1[contains(text(),'Build your own computer')]]
select processor 1 to select processor field [[ChromeDriver: chrome on WINDOWS (07a036c711107cdbb6f82a317d132ad5)] -> name: product_attribute_1]
Select Ram5 select ram field [[ChromeDriver: chrome on WINDOWS (07a036c711107cdbb6f82a317d132ad5)] -> name: product_attribute_2]
Select HDD Radio Button[[ChromeDriver: chrome on WINDOWS (07a036c711107cdbb6f82a317d132ad5)] -> xpath: //input[@id='product_attribute_3_7']]
Select OS Vista Primium[[ChromeDriver: chrome on WINDOWS (07a036c711107cdbb6f82a317d132ad5)] -> xpath: //input[@id='product_attribute_4_9']]
Select Software [[ChromeDriver: chrome on WINDOWS (07a036c711107cdbb6f82a317d132ad5)] -> xpath: //input[@id='product_attribute_5_12']]
Verify Price[[ChromeDriver: chrome on WINDOWS (07a036c711107cdbb6f82a317d132ad5)] -> xpath: //span[text() = '$1,475.00']]
Click on Addcart Button[[ChromeDriver: chrome on WINDOWS (07a036c711107cdbb6f82a317d132ad5)] -> xpath: //button[@id='add-to-cart-button-1']]
Verify message on greenbar[[ChromeDriver: chrome on WINDOWS (07a036c711107cdbb6f82a317d132ad5)] -> xpath: //body[1]/div[5]/div[1]/p[1]]
Click on closebar[[ChromeDriver: chrome on WINDOWS (07a036c711107cdbb6f82a317d132ad5)] -> xpath: //body[1]/div[5]/div[1]/span[1]]
Mouse hoover on shopping cart[[ChromeDriver: chrome on WINDOWS (07a036c711107cdbb6f82a317d132ad5)] -> xpath: //span[contains(text(),'Shopping cart')]]
Click on shopping cart[[ChromeDriver: chrome on WINDOWS (07a036c711107cdbb6f82a317d132ad5)] -> xpath: //button[contains(text(),'Go to cart')]]
Verify shopping cart text: [[ChromeDriver: chrome on WINDOWS (07a036c711107cdbb6f82a317d132ad5)] -> xpath: //div[@class='page-title']/h1[contains(text(),'Shopping cart')]]
Update quantity 
Update shopping cart: [[ChromeDriver: chrome on WINDOWS (07a036c711107cdbb6f82a317d132ad5)] -> xpath: //button[@id='updatecart']]
Verify the total price: [[ChromeDriver: chrome on WINDOWS (07a036c711107cdbb6f82a317d132ad5)] -> xpath: //span[@class='product-subtotal'][text()='$2,950.00']]
Click on the checkbox to accept terms:[[ChromeDriver: chrome on WINDOWS (07a036c711107cdbb6f82a317d132ad5)] -> id: termsofservice]
Click on checkout button [[ChromeDriver: chrome on WINDOWS (07a036c711107cdbb6f82a317d132ad5)] -> xpath: //button[@id='checkout']]
Verify welcome text[[ChromeDriver: chrome on WINDOWS (07a036c711107cdbb6f82a317d132ad5)] -> xpath: //h1[text()='Welcome, Please Sign In!']]
Click on As guest button [[ChromeDriver: chrome on WINDOWS (07a036c711107cdbb6f82a317d132ad5)] -> xpath: //button[text()= 'Checkout as Guest']]
Enter First name Rashi to firstname field [[ChromeDriver: chrome on WINDOWS (07a036c711107cdbb6f82a317d132ad5)] -> id: BillingNewAddress_FirstName]
Enter Lastname Vegad to lastname field [[ChromeDriver: chrome on WINDOWS (07a036c711107cdbb6f82a317d132ad5)] -> id: BillingNewAddress_LastName]
Enter Email rashi@example.com to Email field [[ChromeDriver: chrome on WINDOWS (07a036c711107cdbb6f82a317d132ad5)] -> id: BillingNewAddress_Email]
Enter Country 233 to country field [[ChromeDriver: chrome on WINDOWS (07a036c711107cdbb6f82a317d132ad5)] -> id: BillingNewAddress_CountryId]
Enter StateField 0 to State field [[ChromeDriver: chrome on WINDOWS (07a036c711107cdbb6f82a317d132ad5)] -> id: BillingNewAddress_StateProvinceId]
Enter city London to city field [[ChromeDriver: chrome on WINDOWS (07a036c711107cdbb6f82a317d132ad5)] -> id: BillingNewAddress_City]
Enter Address 4,Down Street to Address field [[ChromeDriver: chrome on WINDOWS (07a036c711107cdbb6f82a317d132ad5)] -> id: BillingNewAddress_Address1]
Enter Zipcode W4 2AB to Zipcode field [[ChromeDriver: chrome on WINDOWS (07a036c711107cdbb6f82a317d132ad5)] -> id: BillingNewAddress_ZipPostalCode]
Enter PhoneNumber 4567395116994 to Phonenumber field [[ChromeDriver: chrome on WINDOWS (07a036c711107cdbb6f82a317d132ad5)] -> id: BillingNewAddress_PhoneNumber]
Click on checkout Button [[ChromeDriver: chrome on WINDOWS (07a036c711107cdbb6f82a317d132ad5)] -> xpath: //div[1]/button[4]]
Click on radio button for next day air shipping: [[ChromeDriver: chrome on WINDOWS (07a036c711107cdbb6f82a317d132ad5)] -> id: shippingoption_1]
Click on continue button [[ChromeDriver: chrome on WINDOWS (07a036c711107cdbb6f82a317d132ad5)] -> xpath: //body/div[6]/div[3]/div[1]/div[1]/div[1]/div[2]/ol[1]/li[3]/div[2]/form[1]/div[2]/button[1]]
Click on credit card [[ChromeDriver: chrome on WINDOWS (07a036c711107cdbb6f82a317d132ad5)] -> css selector: #paymentmethod_1]
Click on continue button [[ChromeDriver: chrome on WINDOWS (07a036c711107cdbb6f82a317d132ad5)] -> xpath: //ol[1]/li[4]/div[2]/div[1]/button[1]]
Enter the cardholder name in name field [[ChromeDriver: chrome on WINDOWS (07a036c711107cdbb6f82a317d132ad5)] -> id: CardholderName]
Enter the card number in number field [[ChromeDriver: chrome on WINDOWS (07a036c711107cdbb6f82a317d132ad5)] -> id: CardNumber]
Select the expiry month from list [[ChromeDriver: chrome on WINDOWS (07a036c711107cdbb6f82a317d132ad5)] -> id: ExpireMonth]
Select the expiry year from list [[ChromeDriver: chrome on WINDOWS (07a036c711107cdbb6f82a317d132ad5)] -> id: ExpireYear]
Enter card code [[ChromeDriver: chrome on WINDOWS (07a036c711107cdbb6f82a317d132ad5)] -> id: CardCode]
Click on continue button [[ChromeDriver: chrome on WINDOWS (07a036c711107cdbb6f82a317d132ad5)] -> xpath: //button[@class='button-1 payment-info-next-step-button']]
Verify credit card payment methodProxy element for: DefaultElementLocator 'By.xpath: //span[contains(text(),'Credit Card')]']]>
  </system-out>
  <testcase name="verifyProductArrangeInAlphaBaticalOrder" time="0.333" classname="com.nopcommerce.testsuite.ComputerTest">
    <skipped/>
  </testcase> <!-- verifyProductArrangeInAlphaBaticalOrder -->
  <system-out/>
  <testcase name="setUp" time="21.043" classname="com.nopcommerce.testsuite.ComputerTest">
    <error type="org.openqa.selenium.WebDriverException" message="disconnected: unable to send message to renderer
  (failed to check if window was closed: disconnected: unable to connect to renderer)
  (Session info: chrome=108.0.5359.99)
Build info: version: &#039;4.6.0&#039;, revision: &#039;79f1c02ae20&#039;
System info: os.name: &#039;Windows 10&#039;, os.arch: &#039;amd64&#039;, os.version: &#039;10.0&#039;, java.version: &#039;1.8.0_121&#039;
Driver info: org.openqa.selenium.chrome.ChromeDriver
Command: [9571ee4f2ce947c8167ecf81f3b70383, maximizeCurrentWindow {}]
Capabilities {acceptInsecureCerts: false, browserName: chrome, browserVersion: 108.0.5359.99, chrome: {chromedriverVersion: 108.0.5359.71 (1e0e3868ee06..., userDataDir: C:\Users\iruch\AppData\Loca...}, goog:chromeOptions: {debuggerAddress: localhost:63277}, networkConnectionEnabled: false, pageLoadStrategy: normal, platformName: WINDOWS, proxy: Proxy(), se:cdp: ws://localhost:63277/devtoo..., se:cdpVersion: 108.0.5359.99, setWindowRect: true, strictFileInteractability: false, timeouts: {implicit: 0, pageLoad: 300000, script: 30000}, unhandledPromptBehavior: dismiss and notify, webauthn:extension:credBlob: true, webauthn:extension:largeBlob: true, webauthn:virtualAuthenticators: true}
Session ID: 9571ee4f2ce947c8167ecf81f3b70383">
      <![CDATA[org.openqa.selenium.WebDriverException: disconnected: unable to send message to renderer
  (failed to check if window was closed: disconnected: unable to connect to renderer)
  (Session info: chrome=108.0.5359.99)
Build info: version: '4.6.0', revision: '79f1c02ae20'
System info: os.name: 'Windows 10', os.arch: 'amd64', os.version: '10.0', java.version: '1.8.0_121'
Driver info: org.openqa.selenium.chrome.ChromeDriver
Command: [9571ee4f2ce947c8167ecf81f3b70383, maximizeCurrentWindow {}]
Capabilities {acceptInsecureCerts: false, browserName: chrome, browserVersion: 108.0.5359.99, chrome: {chromedriverVersion: 108.0.5359.71 (1e0e3868ee06..., userDataDir: C:\Users\iruch\AppData\Loca...}, goog:chromeOptions: {debuggerAddress: localhost:63277}, networkConnectionEnabled: false, pageLoadStrategy: normal, platformName: WINDOWS, proxy: Proxy(), se:cdp: ws://localhost:63277/devtoo..., se:cdpVersion: 108.0.5359.99, setWindowRect: true, strictFileInteractability: false, timeouts: {implicit: 0, pageLoad: 300000, script: 30000}, unhandledPromptBehavior: dismiss and notify, webauthn:extension:credBlob: true, webauthn:extension:largeBlob: true, webauthn:virtualAuthenticators: true}
Session ID: 9571ee4f2ce947c8167ecf81f3b70383
at sun.reflect.NativeConstructorAccessorImpl.newInstance0(Native Method)
at sun.reflect.NativeConstructorAccessorImpl.newInstance(NativeConstructorAccessorImpl.java:62)
at sun.reflect.DelegatingConstructorAccessorImpl.newInstance(DelegatingConstructorAccessorImpl.java:45)
at java.lang.reflect.Constructor.newInstance(Constructor.java:423)
at org.openqa.selenium.remote.codec.w3c.W3CHttpResponseCodec.createException(W3CHttpResponseCodec.java:200)
at org.openqa.selenium.remote.codec.w3c.W3CHttpResponseCodec.decode(W3CHttpResponseCodec.java:133)
at org.openqa.selenium.remote.codec.w3c.W3CHttpResponseCodec.decode(W3CHttpResponseCodec.java:53)
at org.openqa.selenium.remote.HttpCommandExecutor.execute(HttpCommandExecutor.java:184)
at org.openqa.selenium.remote.service.DriverCommandExecutor.invokeExecute(DriverCommandExecutor.java:167)
at org.openqa.selenium.remote.service.DriverCommandExecutor.execute(DriverCommandExecutor.java:142)
at org.openqa.selenium.remote.RemoteWebDriver.execute(RemoteWebDriver.java:541)
at org.openqa.selenium.remote.RemoteWebDriver.execute(RemoteWebDriver.java:596)
at org.openqa.selenium.remote.RemoteWebDriver.execute(RemoteWebDriver.java:600)
at org.openqa.selenium.remote.RemoteWebDriver$RemoteWebDriverOptions$RemoteWindow.maximize(RemoteWebDriver.java:952)
at com.nopcommerce.browserfactory.ManageBrowser.selectBrowser(ManageBrowser.java:32)
at com.nopcommerce.testbase.BaseTest.setUp(BaseTest.java:14)
at sun.reflect.NativeMethodAccessorImpl.invoke0(Native Method)
at sun.reflect.NativeMethodAccessorImpl.invoke(NativeMethodAccessorImpl.java:62)
at sun.reflect.DelegatingMethodAccessorImpl.invoke(DelegatingMethodAccessorImpl.java:43)
at java.lang.reflect.Method.invoke(Method.java:498)
at org.testng.internal.invokers.MethodInvocationHelper.invokeMethod(MethodInvocationHelper.java:135)
at org.testng.internal.invokers.MethodInvocationHelper.invokeMethodConsideringTimeout(MethodInvocationHelper.java:65)
at org.testng.internal.invokers.ConfigInvoker.invokeConfigurationMethod(ConfigInvoker.java:381)
at org.testng.internal.invokers.ConfigInvoker.invokeConfigurations(ConfigInvoker.java:319)
at org.testng.internal.invokers.TestInvoker.runConfigMethods(TestInvoker.java:803)
at org.testng.internal.invokers.TestInvoker.invokeMethod(TestInvoker.java:589)
at org.testng.internal.invokers.TestInvoker.invokeTestMethod(TestInvoker.java:220)
at org.testng.internal.invokers.MethodRunner.runInSequence(MethodRunner.java:50)
at org.testng.internal.invokers.TestInvoker$MethodInvocationAgent.invoke(TestInvoker.java:945)
at org.testng.internal.invokers.TestInvoker.invokeTestMethods(TestInvoker.java:193)
at org.testng.internal.invokers.TestMethodWorker.invokeTestMethods(TestMethodWorker.java:146)
at org.testng.internal.invokers.TestMethodWorker.run(TestMethodWorker.java:128)
at java.util.ArrayList.forEach(ArrayList.java:1249)
at org.testng.TestRunner.privateRun(TestRunner.java:808)
at org.testng.TestRunner.run(TestRunner.java:603)
at org.testng.SuiteRunner.runTest(SuiteRunner.java:429)
at org.testng.SuiteRunner.runSequentially(SuiteRunner.java:423)
at org.testng.SuiteRunner.privateRun(SuiteRunner.java:383)
at org.testng.SuiteRunner.run(SuiteRunner.java:326)
at org.testng.SuiteRunnerWorker.runSuite(SuiteRunnerWorker.java:52)
at org.testng.SuiteRunnerWorker.run(SuiteRunnerWorker.java:95)
at org.testng.TestNG.runSuitesSequentially(TestNG.java:1249)
at org.testng.TestNG.runSuitesLocally(TestNG.java:1169)
at org.testng.TestNG.runSuites(TestNG.java:1092)
at org.testng.TestNG.run(TestNG.java:1060)
at com.intellij.rt.testng.IDEARemoteTestNG.run(IDEARemoteTestNG.java:66)
at com.intellij.rt.testng.RemoteTestNGStarter.main(RemoteTestNGStarter.java:109)
]]>
    </error>
  </testcase> <!-- setUp -->
  <system-out/>
</testsuite> <!-- com.nopcommerce.testsuite.ComputerTest -->
